<?xml version="1.0" encoding="UTF-8"?>
<testsuites name="jest tests" tests="2" failures="0" errors="0" time="0.23">
  <testsuite name="Simple Test" errors="0" failures="0" skipped="0" timestamp="2025-09-28T02:08:56" time="0.193" tests="2">
    <testcase classname="Simple Test should pass" name="Simple Test should pass" time="0.002">
    </testcase>
    <testcase classname="Simple Test should handle basic math" name="Simple Test should handle basic math" time="0">
    </testcase>
  </testsuite>
</testsuites>